  cmd_console_tools.cpp
E:\90-b2\90-b2\cmd_console_tools.cpp(211,24): warning C4267: “=”: 从“size_t”转换到“int”，可能丢失数据
  mine_sweeper_base.cpp
  mine_sweeper_graph.cpp
  mine_sweeper_main.cpp
E:\90-b2\90-b2\mine_sweeper_main.cpp(9,49): error C2065: “COLOR_BLACK”: 未声明的标识符
E:\90-b2\90-b2\mine_sweeper_main.cpp(9,62): error C2065: “COLOR_WHITE”: 未声明的标识符
E:\90-b2\90-b2\mine_sweeper_main.cpp(9,2): error C3861: “cct_showstr”: 找不到标识符
E:\90-b2\90-b2\mine_sweeper_main.cpp(10,2): error C2065: “cout”: 未声明的标识符
E:\90-b2\90-b2\mine_sweeper_main.cpp(10,10): error C2065: “endl”: 未声明的标识符
E:\90-b2\90-b2\mine_sweeper_main.cpp(10,18): error C2065: “endl”: 未声明的标识符
E:\90-b2\90-b2\mine_sweeper_main.cpp(11,58): error C2065: “COLOR_BLACK”: 未声明的标识符
E:\90-b2\90-b2\mine_sweeper_main.cpp(11,71): error C2065: “COLOR_WHITE”: 未声明的标识符
E:\90-b2\90-b2\mine_sweeper_main.cpp(11,2): error C3861: “cct_showstr”: 找不到标识符
E:\90-b2\90-b2\mine_sweeper_main.cpp(12,59): error C2065: “COLOR_WHITE”: 未声明的标识符
E:\90-b2\90-b2\mine_sweeper_main.cpp(12,72): error C2065: “COLOR_BLACK”: 未声明的标识符
E:\90-b2\90-b2\mine_sweeper_main.cpp(12,2): error C3861: “cct_showstr”: 找不到标识符
E:\90-b2\90-b2\mine_sweeper_main.cpp(13,60): error C2065: “COLOR_RED”: 未声明的标识符
E:\90-b2\90-b2\mine_sweeper_main.cpp(13,71): error C2065: “COLOR_HYELLOW”: 未声明的标识符
E:\90-b2\90-b2\mine_sweeper_main.cpp(13,2): error C3861: “cct_showstr”: 找不到标识符
E:\90-b2\90-b2\mine_sweeper_main.cpp(15,46): error C2065: “COLOR_CYAN”: 未声明的标识符
E:\90-b2\90-b2\mine_sweeper_main.cpp(15,58): error C2065: “COLOR_YELLOW”: 未声明的标识符
E:\90-b2\90-b2\mine_sweeper_main.cpp(15,2): error C3861: “cct_showstr”: 找不到标识符
E:\90-b2\90-b2\mine_sweeper_main.cpp(16,46): error C2065: “COLOR_HBLUE”: 未声明的标识符
E:\90-b2\90-b2\mine_sweeper_main.cpp(16,59): error C2065: “COLOR_HPINK”: 未声明的标识符
E:\90-b2\90-b2\mine_sweeper_main.cpp(16,2): error C3861: “cct_showstr”: 找不到标识符
E:\90-b2\90-b2\mine_sweeper_main.cpp(17,45): error C2065: “COLOR_YELLOW”: 未声明的标识符
E:\90-b2\90-b2\mine_sweeper_main.cpp(17,59): error C2065: “COLOR_HGREEN”: 未声明的标识符
E:\90-b2\90-b2\mine_sweeper_main.cpp(17,2): error C3861: “cct_showstr”: 找不到标识符
E:\90-b2\90-b2\mine_sweeper_main.cpp(18,45): error C2065: “COLOR_HPINK”: 未声明的标识符
E:\90-b2\90-b2\mine_sweeper_main.cpp(18,58): error C2065: “COLOR_HCYAN”: 未声明的标识符
E:\90-b2\90-b2\mine_sweeper_main.cpp(18,2): error C3861: “cct_showstr”: 找不到标识符
E:\90-b2\90-b2\mine_sweeper_main.cpp(19,46): error C2065: “COLOR_GREEN”: 未声明的标识符
E:\90-b2\90-b2\mine_sweeper_main.cpp(19,59): error C2065: “COLOR_HBLUE”: 未声明的标识符
E:\90-b2\90-b2\mine_sweeper_main.cpp(19,2): error C3861: “cct_showstr”: 找不到标识符
E:\90-b2\90-b2\mine_sweeper_main.cpp(22,2): error C3861: “to_be_continued”: 找不到标识符
  mine_sweeper_menu.cpp
  mine_sweeper_tools.cpp
E:\90-b2\90-b2\mine_sweeper_tools.cpp(14,2): error C3861: “cct_setcolor”: 找不到标识符
E:\90-b2\90-b2\mine_sweeper_tools.cpp(15,2): error C3861: “cct_gotoxy”: 找不到标识符
E:\90-b2\90-b2\mine_sweeper_tools.cpp(18,3): error C2065: “cout”: 未声明的标识符
E:\90-b2\90-b2\mine_sweeper_tools.cpp(20,3): error C2065: “cout”: 未声明的标识符
E:\90-b2\90-b2\mine_sweeper_tools.cpp(23,9): error C3861: “_getch”: 找不到标识符
E:\90-b2\90-b2\mine_sweeper_tools.cpp(25,2): error C2065: “cout”: 未声明的标识符
E:\90-b2\90-b2\mine_sweeper_tools.cpp(25,10): error C2065: “endl”: 未声明的标识符
  正在生成代码...
